<?xml version="1.0" encoding="UTF-8"?>
<coverage generated="1637018714541" clover="3.2.0">
  <project timestamp="1637018714541" name="All files">
    <metrics statements="46" coveredstatements="28" conditionals="16" coveredconditionals="13" methods="13" coveredmethods="7" elements="75" coveredelements="48" complexity="0" loc="46" ncloc="46" packages="2" files="4" classes="4"/>
    <package name="client">
      <metrics statements="36" coveredstatements="28" conditionals="14" coveredconditionals="13" methods="11" coveredmethods="7"/>
      <file name="Game.jsx" path="C:\Users\myusu\OneDrive\Documents\4 güz\web programlama\ODEV\1030516746_BS435_WebProgramlama\odev05\src\client\Game.jsx">
        <metrics statements="30" coveredstatements="28" conditionals="14" coveredconditionals="13" methods="8" coveredmethods="7"/>
        <line num="5" count="25" type="stmt"/>
        <line num="6" count="25" type="stmt"/>
        <line num="18" count="25" type="stmt"/>
        <line num="19" count="26" type="stmt"/>
        <line num="21" count="26" type="cond" truecount="2" falsecount="0"/>
        <line num="22" count="25" type="stmt"/>
        <line num="25" count="25" type="cond" truecount="2" falsecount="0"/>
        <line num="26" count="8" type="stmt"/>
        <line num="27" count="8" type="stmt"/>
        <line num="29" count="17" type="stmt"/>
        <line num="30" count="17" type="cond" truecount="2" falsecount="0"/>
        <line num="31" count="1" type="stmt"/>
        <line num="34" count="25" type="stmt"/>
        <line num="43" count="25" type="cond" truecount="2" falsecount="0"/>
        <line num="44" count="9" type="stmt"/>
        <line num="52" count="25" type="stmt"/>
        <line num="53" count="0" type="stmt"/>
        <line num="65" count="50" type="stmt"/>
        <line num="66" count="50" type="stmt"/>
        <line num="68" count="50" type="cond" truecount="1" falsecount="1"/>
        <line num="69" count="0" type="stmt"/>
        <line num="71" count="50" type="cond" truecount="2" falsecount="0"/>
        <line num="73" count="1" type="stmt"/>
        <line num="83" count="49" type="cond" truecount="2" falsecount="0"/>
        <line num="85" count="8" type="stmt"/>
        <line num="88" count="1" type="stmt"/>
        <line num="96" count="41" type="stmt"/>
        <line num="99" count="15" type="stmt"/>
        <line num="100" count="5" type="stmt"/>
        <line num="101" count="5" type="stmt"/>
      </file>
      <file name="home.jsx" path="C:\Users\myusu\OneDrive\Documents\4 güz\web programlama\ODEV\1030516746_BS435_WebProgramlama\odev05\src\client\home.jsx">
        <metrics statements="1" coveredstatements="0" conditionals="0" coveredconditionals="0" methods="1" coveredmethods="0"/>
        <line num="6" count="0" type="stmt"/>
      </file>
      <file name="index.jsx" path="C:\Users\myusu\OneDrive\Documents\4 güz\web programlama\ODEV\1030516746_BS435_WebProgramlama\odev05\src\client\index.jsx">
        <metrics statements="5" coveredstatements="0" conditionals="0" coveredconditionals="0" methods="2" coveredmethods="0"/>
        <line num="10" count="0" type="stmt"/>
        <line num="11" count="0" type="stmt"/>
        <line num="25" count="0" type="stmt"/>
        <line num="26" count="0" type="stmt"/>
        <line num="36" count="0" type="stmt"/>
      </file>
    </package>
    <package name="server">
      <metrics statements="10" coveredstatements="0" conditionals="2" coveredconditionals="0" methods="2" coveredmethods="0"/>
      <file name="server.js" path="C:\Users\myusu\OneDrive\Documents\4 güz\web programlama\ODEV\1030516746_BS435_WebProgramlama\odev05\src\server\server.js">
        <metrics statements="10" coveredstatements="0" conditionals="2" coveredconditionals="0" methods="2" coveredmethods="0"/>
        <line num="1" count="0" type="stmt"/>
        <line num="2" count="0" type="stmt"/>
        <line num="3" count="0" type="stmt"/>
        <line num="4" count="0" type="stmt"/>
        <line num="7" count="0" type="stmt"/>
        <line num="10" count="0" type="stmt"/>
        <line num="11" count="0" type="stmt"/>
        <line num="14" count="0" type="cond" truecount="0" falsecount="2"/>
        <line num="16" count="0" type="stmt"/>
        <line num="17" count="0" type="stmt"/>
      </file>
    </package>
  </project>
</coverage>
