{"C:\\Users\\myusu\\OneDrive\\Documents\\4 güz\\web programlama\\ODEV\\1030516746_BS435_WebProgramlama\\odev05\\src\\client\\Game.jsx": {"path":"C:\\Users\\myusu\\OneDrive\\Documents\\4 güz\\web programlama\\ODEV\\1030516746_BS435_WebProgramlama\\odev05\\src\\client\\Game.jsx","statementMap":{"0":{"start":{"line":5,"column":8},"end":{"line":5,"column":21}},"1":{"start":{"line":6,"column":8},"end":{"line":13,"column":36}},"2":{"start":{"line":18,"column":14},"end":{"line":50,"column":5}},"3":{"start":{"line":19,"column":61},"end":{"line":19,"column":71}},"4":{"start":{"line":21,"column":8},"end":{"line":49,"column":9}},"5":{"start":{"line":22,"column":29},"end":{"line":22,"column":38}},"6":{"start":{"line":25,"column":12},"end":{"line":33,"column":13}},"7":{"start":{"line":26,"column":16},"end":{"line":26,"column":50}},"8":{"start":{"line":27,"column":16},"end":{"line":27,"column":39}},"9":{"start":{"line":29,"column":16},"end":{"line":29,"column":51}},"10":{"start":{"line":30,"column":16},"end":{"line":32,"column":17}},"11":{"start":{"line":31,"column":20},"end":{"line":31,"column":44}},"12":{"start":{"line":34,"column":12},"end":{"line":41,"column":15}},"13":{"start":{"line":43,"column":12},"end":{"line":47,"column":13}},"14":{"start":{"line":44,"column":16},"end":{"line":46,"column":18}},"15":{"start":{"line":52,"column":15},"end":{"line":62,"column":5}},"16":{"start":{"line":53,"column":8},"end":{"line":61,"column":10}},"17":{"start":{"line":65,"column":32},"end":{"line":65,"column":42}},"18":{"start":{"line":66,"column":20},"end":{"line":66,"column":30}},"19":{"start":{"line":68,"column":8},"end":{"line":110,"column":9}},"20":{"start":{"line":69,"column":12},"end":{"line":69,"column":41}},"21":{"start":{"line":71,"column":13},"end":{"line":110,"column":9}},"22":{"start":{"line":73,"column":12},"end":{"line":81,"column":13}},"23":{"start":{"line":83,"column":13},"end":{"line":110,"column":9}},"24":{"start":{"line":85,"column":12},"end":{"line":93,"column":13}},"25":{"start":{"line":88,"column":74},"end":{"line":88,"column":89}},"26":{"start":{"line":96,"column":12},"end":{"line":109,"column":14}},"27":{"start":{"line":99,"column":70},"end":{"line":99,"column":85}},"28":{"start":{"line":100,"column":70},"end":{"line":100,"column":85}},"29":{"start":{"line":101,"column":70},"end":{"line":101,"column":85}}},"fnMap":{"0":{"name":"(anonymous_0)","decl":{"start":{"line":4,"column":4},"end":{"line":4,"column":5}},"loc":{"start":{"line":4,"column":23},"end":{"line":15,"column":5}},"line":4},"1":{"name":"(anonymous_1)","decl":{"start":{"line":18,"column":14},"end":{"line":18,"column":15}},"loc":{"start":{"line":18,"column":25},"end":{"line":50,"column":5}},"line":18},"2":{"name":"(anonymous_2)","decl":{"start":{"line":52,"column":15},"end":{"line":52,"column":16}},"loc":{"start":{"line":52,"column":21},"end":{"line":62,"column":5}},"line":52},"3":{"name":"(anonymous_3)","decl":{"start":{"line":64,"column":4},"end":{"line":64,"column":5}},"loc":{"start":{"line":64,"column":12},"end":{"line":112,"column":5}},"line":64},"4":{"name":"(anonymous_4)","decl":{"start":{"line":88,"column":69},"end":{"line":88,"column":70}},"loc":{"start":{"line":88,"column":73},"end":{"line":88,"column":90}},"line":88},"5":{"name":"(anonymous_5)","decl":{"start":{"line":99,"column":65},"end":{"line":99,"column":66}},"loc":{"start":{"line":99,"column":69},"end":{"line":99,"column":86}},"line":99},"6":{"name":"(anonymous_6)","decl":{"start":{"line":100,"column":65},"end":{"line":100,"column":66}},"loc":{"start":{"line":100,"column":69},"end":{"line":100,"column":86}},"line":100},"7":{"name":"(anonymous_7)","decl":{"start":{"line":101,"column":65},"end":{"line":101,"column":66}},"loc":{"start":{"line":101,"column":69},"end":{"line":101,"column":86}},"line":101}},"branchMap":{"0":{"loc":{"start":{"line":21,"column":8},"end":{"line":49,"column":9}},"type":"if","locations":[{"start":{"line":21,"column":8},"end":{"line":49,"column":9}},{"start":{},"end":{}}],"line":21},"1":{"loc":{"start":{"line":25,"column":12},"end":{"line":33,"column":13}},"type":"if","locations":[{"start":{"line":25,"column":12},"end":{"line":33,"column":13}},{"start":{"line":28,"column":18},"end":{"line":33,"column":13}}],"line":25},"2":{"loc":{"start":{"line":30,"column":16},"end":{"line":32,"column":17}},"type":"if","locations":[{"start":{"line":30,"column":16},"end":{"line":32,"column":17}},{"start":{},"end":{}}],"line":30},"3":{"loc":{"start":{"line":43,"column":12},"end":{"line":47,"column":13}},"type":"if","locations":[{"start":{"line":43,"column":12},"end":{"line":47,"column":13}},{"start":{},"end":{}}],"line":43},"4":{"loc":{"start":{"line":68,"column":8},"end":{"line":110,"column":9}},"type":"if","locations":[{"start":{"line":68,"column":8},"end":{"line":110,"column":9}},{"start":{"line":71,"column":13},"end":{"line":110,"column":9}}],"line":68},"5":{"loc":{"start":{"line":71,"column":13},"end":{"line":110,"column":9}},"type":"if","locations":[{"start":{"line":71,"column":13},"end":{"line":110,"column":9}},{"start":{"line":83,"column":13},"end":{"line":110,"column":9}}],"line":71},"6":{"loc":{"start":{"line":83,"column":13},"end":{"line":110,"column":9}},"type":"if","locations":[{"start":{"line":83,"column":13},"end":{"line":110,"column":9}},{"start":{"line":95,"column":12},"end":{"line":110,"column":9}}],"line":83}},"s":{"0":25,"1":25,"2":25,"3":26,"4":26,"5":25,"6":25,"7":8,"8":8,"9":17,"10":17,"11":1,"12":25,"13":25,"14":9,"15":25,"16":0,"17":50,"18":50,"19":50,"20":0,"21":50,"22":1,"23":49,"24":8,"25":1,"26":41,"27":15,"28":5,"29":5},"f":{"0":25,"1":26,"2":0,"3":50,"4":1,"5":15,"6":5,"7":5},"b":{"0":[25,1],"1":[8,17],"2":[1,16],"3":[9,16],"4":[0,50],"5":[1,49],"6":[8,41]},"_coverageSchema":"1a1c01bbd47fc00a2c39e90264f33305004495a9","hash":"51d4cb06b74807e0fcbd714492737aac78cacba6"}
,"C:\\Users\\myusu\\OneDrive\\Documents\\4 güz\\web programlama\\ODEV\\1030516746_BS435_WebProgramlama\\odev05\\src\\client\\home.jsx": {"path":"C:\\Users\\myusu\\OneDrive\\Documents\\4 güz\\web programlama\\ODEV\\1030516746_BS435_WebProgramlama\\odev05\\src\\client\\home.jsx","statementMap":{"0":{"start":{"line":6,"column":8},"end":{"line":17,"column":10}}},"fnMap":{"0":{"name":"(anonymous_0)","decl":{"start":{"line":5,"column":4},"end":{"line":5,"column":5}},"loc":{"start":{"line":5,"column":13},"end":{"line":18,"column":5}},"line":5}},"branchMap":{},"s":{"0":0},"f":{"0":0},"b":{}}
,"C:\\Users\\myusu\\OneDrive\\Documents\\4 güz\\web programlama\\ODEV\\1030516746_BS435_WebProgramlama\\odev05\\src\\client\\index.jsx": {"path":"C:\\Users\\myusu\\OneDrive\\Documents\\4 güz\\web programlama\\ODEV\\1030516746_BS435_WebProgramlama\\odev05\\src\\client\\index.jsx","statementMap":{"0":{"start":{"line":10,"column":17},"end":{"line":23,"column":1}},"1":{"start":{"line":11,"column":4},"end":{"line":22,"column":5}},"2":{"start":{"line":25,"column":19},"end":{"line":35,"column":1}},"3":{"start":{"line":26,"column":4},"end":{"line":34,"column":6}},"4":{"start":{"line":36,"column":0},"end":{"line":36,"column":58}}},"fnMap":{"0":{"name":"(anonymous_0)","decl":{"start":{"line":10,"column":17},"end":{"line":10,"column":18}},"loc":{"start":{"line":10,"column":23},"end":{"line":23,"column":1}},"line":10},"1":{"name":"(anonymous_1)","decl":{"start":{"line":25,"column":19},"end":{"line":25,"column":20}},"loc":{"start":{"line":25,"column":25},"end":{"line":35,"column":1}},"line":25}},"branchMap":{},"s":{"0":0,"1":0,"2":0,"3":0,"4":0},"f":{"0":0,"1":0},"b":{}}
,"C:\\Users\\myusu\\OneDrive\\Documents\\4 güz\\web programlama\\ODEV\\1030516746_BS435_WebProgramlama\\odev05\\src\\server\\server.js": {"path":"C:\\Users\\myusu\\OneDrive\\Documents\\4 güz\\web programlama\\ODEV\\1030516746_BS435_WebProgramlama\\odev05\\src\\server\\server.js","statementMap":{"0":{"start":{"line":1,"column":16},"end":{"line":1,"column":34}},"1":{"start":{"line":2,"column":19},"end":{"line":2,"column":41}},"2":{"start":{"line":3,"column":13},"end":{"line":3,"column":28}},"3":{"start":{"line":4,"column":12},"end":{"line":4,"column":21}},"4":{"start":{"line":7,"column":0},"end":{"line":7,"column":34}},"5":{"start":{"line":10,"column":0},"end":{"line":12,"column":3}},"6":{"start":{"line":11,"column":4},"end":{"line":11,"column":78}},"7":{"start":{"line":14,"column":13},"end":{"line":14,"column":37}},"8":{"start":{"line":16,"column":0},"end":{"line":18,"column":3}},"9":{"start":{"line":17,"column":4},"end":{"line":17,"column":50}}},"fnMap":{"0":{"name":"(anonymous_0)","decl":{"start":{"line":10,"column":8},"end":{"line":10,"column":9}},"loc":{"start":{"line":10,"column":28},"end":{"line":12,"column":1}},"line":10},"1":{"name":"(anonymous_1)","decl":{"start":{"line":16,"column":17},"end":{"line":16,"column":18}},"loc":{"start":{"line":16,"column":23},"end":{"line":18,"column":1}},"line":16}},"branchMap":{"0":{"loc":{"start":{"line":14,"column":13},"end":{"line":14,"column":37}},"type":"binary-expr","locations":[{"start":{"line":14,"column":13},"end":{"line":14,"column":29}},{"start":{"line":14,"column":33},"end":{"line":14,"column":37}}],"line":14}},"s":{"0":0,"1":0,"2":0,"3":0,"4":0,"5":0,"6":0,"7":0,"8":0,"9":0},"f":{"0":0,"1":0},"b":{"0":[0,0]}}
}
