TN:
SF:src\client\Game.jsx
FN:4,(anonymous_0)
FN:18,(anonymous_1)
FN:52,(anonymous_2)
FN:64,(anonymous_3)
FN:88,(anonymous_4)
FN:99,(anonymous_5)
FN:100,(anonymous_6)
FN:101,(anonymous_7)
FNF:8
FNH:7
FNDA:25,(anonymous_0)
FNDA:26,(anonymous_1)
FNDA:0,(anonymous_2)
FNDA:50,(anonymous_3)
FNDA:1,(anonymous_4)
FNDA:15,(anonymous_5)
FNDA:5,(anonymous_6)
FNDA:5,(anonymous_7)
DA:5,25
DA:6,25
DA:18,25
DA:19,26
DA:21,26
DA:22,25
DA:25,25
DA:26,8
DA:27,8
DA:29,17
DA:30,17
DA:31,1
DA:34,25
DA:43,25
DA:44,9
DA:52,25
DA:53,0
DA:65,50
DA:66,50
DA:68,50
DA:69,0
DA:71,50
DA:73,1
DA:83,49
DA:85,8
DA:88,1
DA:96,41
DA:99,15
DA:100,5
DA:101,5
LF:30
LH:28
BRDA:21,0,0,25
BRDA:21,0,1,1
BRDA:25,1,0,8
BRDA:25,1,1,17
BRDA:30,2,0,1
BRDA:30,2,1,16
BRDA:43,3,0,9
BRDA:43,3,1,16
BRDA:68,4,0,0
BRDA:68,4,1,50
BRDA:71,5,0,1
BRDA:71,5,1,49
BRDA:83,6,0,8
BRDA:83,6,1,41
BRF:14
BRH:13
end_of_record
TN:
SF:src\client\home.jsx
FN:5,(anonymous_0)
FNF:1
FNH:0
FNDA:0,(anonymous_0)
DA:6,0
LF:1
LH:0
BRF:0
BRH:0
end_of_record
TN:
SF:src\client\index.jsx
FN:10,(anonymous_0)
FN:25,(anonymous_1)
FNF:2
FNH:0
FNDA:0,(anonymous_0)
FNDA:0,(anonymous_1)
DA:10,0
DA:11,0
DA:25,0
DA:26,0
DA:36,0
LF:5
LH:0
BRF:0
BRH:0
end_of_record
TN:
SF:src\server\server.js
FN:10,(anonymous_0)
FN:16,(anonymous_1)
FNF:2
FNH:0
FNDA:0,(anonymous_0)
FNDA:0,(anonymous_1)
DA:1,0
DA:2,0
DA:3,0
DA:4,0
DA:7,0
DA:10,0
DA:11,0
DA:14,0
DA:16,0
DA:17,0
LF:10
LH:0
BRDA:14,0,0,0
BRDA:14,0,1,0
BRF:2
BRH:0
end_of_record
