TN:
SF:src\Game.jsx
FN:4,(anonymous_0)
FN:16,(anonymous_1)
FN:47,(anonymous_2)
FN:57,(anonymous_3)
FN:63,(anonymous_4)
FN:64,(anonymous_5)
FN:65,(anonymous_6)
FNF:7
FNH:7
FNDA:25,(anonymous_0)
FNDA:26,(anonymous_1)
FNDA:1,(anonymous_2)
FNDA:51,(anonymous_3)
FNDA:18,(anonymous_4)
FNDA:4,(anonymous_5)
FNDA:4,(anonymous_6)
DA:5,25
DA:6,25
DA:16,25
DA:17,26
DA:19,26
DA:20,25
DA:23,25
DA:24,7
DA:25,7
DA:27,18
DA:28,18
DA:29,2
DA:32,25
DA:38,25
DA:39,9
DA:47,25
DA:48,1
DA:58,51
DA:59,51
DA:63,18
DA:64,4
DA:65,4
LF:22
LH:22
BRDA:19,0,0,25
BRDA:19,0,1,1
BRDA:23,1,0,7
BRDA:23,1,1,18
BRDA:28,2,0,2
BRDA:28,2,1,16
BRDA:38,3,0,9
BRDA:38,3,1,16
BRDA:67,4,0,9
BRDA:67,4,1,42
BRDA:68,5,0,51
BRDA:68,5,1,9
BRF:12
BRH:12
end_of_record
TN:
SF:src\index.jsx
FN:6,(anonymous_0)
FNF:1
FNH:0
FNDA:0,(anonymous_0)
DA:6,0
DA:7,0
DA:11,0
LF:3
LH:0
BRF:0
BRH:0
end_of_record
